\BOOKMARK [1][-]{section.1}{Introducci\363n}{}% 1
\BOOKMARK [2][-]{subsection.1.1}{Prop\363sito}{section.1}% 2
\BOOKMARK [2][-]{subsection.1.2}{\301mbito del sistema}{section.1}% 3
\BOOKMARK [2][-]{subsection.1.3}{Definiciones, Acr\363nimos y Abreviaturas}{section.1}% 4
\BOOKMARK [2][-]{subsection.1.4}{Referencias}{section.1}% 5
\BOOKMARK [2][-]{subsection.1.5}{Visi\363n general del documento}{section.1}% 6
\BOOKMARK [1][-]{section.2}{Descripci\363n general del documento}{}% 7
\BOOKMARK [2][-]{subsection.2.1}{Perspectiva del producto}{section.2}% 8
\BOOKMARK [2][-]{subsection.2.2}{Funciones del producto}{section.2}% 9
\BOOKMARK [2][-]{subsection.2.3}{Caracter\355sticas de los usuarios}{section.2}% 10
\BOOKMARK [2][-]{subsection.2.4}{Restricciones}{section.2}% 11
\BOOKMARK [2][-]{subsection.2.5}{Suposiciones y dependencias}{section.2}% 12
\BOOKMARK [2][-]{subsection.2.6}{Requisitos futuros}{section.2}% 13
\BOOKMARK [1][-]{section.3}{Requisitos espec\355ficos}{}% 14
\BOOKMARK [2][-]{subsection.3.1}{Interfaces externas}{section.3}% 15
\BOOKMARK [2][-]{subsection.3.2}{Funciones}{section.3}% 16
\BOOKMARK [2][-]{subsection.3.3}{Requisitos de rendimiento}{section.3}% 17
\BOOKMARK [2][-]{subsection.3.4}{Restricciones de dise\361o}{section.3}% 18
\BOOKMARK [2][-]{subsection.3.5}{Atributos del sistema}{section.3}% 19
\BOOKMARK [2][-]{subsection.3.6}{Otros requisitos}{section.3}% 20
\BOOKMARK [1][-]{section.4}{Ap\351ndices}{}% 21
